<?xml version="1.0" encoding="UTF-8"?>
<testsuite xmlns:xsi="http://www.w3.org/2001/XMLSchema-instance" xsi:noNamespaceSchemaLocation="https://maven.apache.org/surefire/maven-surefire-plugin/xsd/surefire-test-report-3.0.xsd" version="3.0" name="model.AccountRegisterTests" time="0.032" tests="9" errors="0" skipped="0" failures="0">
  <properties>
    <property name="java.specification.version" value="17"/>
    <property name="sun.jnu.encoding" value="UTF-8"/>
    <property name="java.class.path" value="/Users/markblanda/IdeaProjects/FamilyFinance/target/test-classes:/Users/markblanda/IdeaProjects/FamilyFinance/target/classes:/Users/markblanda/.m2/repository/junit/junit/4.13.2/junit-4.13.2.jar:/Users/markblanda/.m2/repository/org/hamcrest/hamcrest-core/1.3/hamcrest-core-1.3.jar:"/>
    <property name="java.vm.vendor" value="Azul Systems, Inc."/>
    <property name="sun.arch.data.model" value="64"/>
    <property name="java.vendor.url" value="http://www.azul.com/"/>
    <property name="os.name" value="Mac OS X"/>
    <property name="java.vm.specification.version" value="17"/>
    <property name="sun.java.launcher" value="SUN_STANDARD"/>
    <property name="user.country" value="US"/>
    <property name="sun.boot.library.path" value="/Library/Java/JavaVirtualMachines/zulu-17.jdk/Contents/Home/lib"/>
    <property name="sun.java.command" value="/Users/markblanda/IdeaProjects/FamilyFinance/target/surefire/surefirebooter6939510565099030884.jar /Users/markblanda/IdeaProjects/FamilyFinance/target/surefire 2022-04-09T15-12-56_247-jvmRun1 surefire3038988430745552105tmp surefire_016937557488206792205tmp"/>
    <property name="http.nonProxyHosts" value="local|*.local|169.254/16|*.169.254/16"/>
    <property name="jdk.debug" value="release"/>
    <property name="surefire.test.class.path" value="/Users/markblanda/IdeaProjects/FamilyFinance/target/test-classes:/Users/markblanda/IdeaProjects/FamilyFinance/target/classes:/Users/markblanda/.m2/repository/junit/junit/4.13.2/junit-4.13.2.jar:/Users/markblanda/.m2/repository/org/hamcrest/hamcrest-core/1.3/hamcrest-core-1.3.jar:"/>
    <property name="sun.cpu.endian" value="little"/>
    <property name="user.home" value="/Users/markblanda"/>
    <property name="user.language" value="en"/>
    <property name="java.specification.vendor" value="Oracle Corporation"/>
    <property name="java.version.date" value="2022-01-18"/>
    <property name="java.home" value="/Library/Java/JavaVirtualMachines/zulu-17.jdk/Contents/Home"/>
    <property name="file.separator" value="/"/>
    <property name="basedir" value="/Users/markblanda/IdeaProjects/FamilyFinance"/>
    <property name="java.vm.compressedOopsMode" value="Zero based"/>
    <property name="line.separator" value="&#10;"/>
    <property name="java.vm.specification.vendor" value="Oracle Corporation"/>
    <property name="java.specification.name" value="Java Platform API Specification"/>
    <property name="surefire.real.class.path" value="/Users/markblanda/IdeaProjects/FamilyFinance/target/surefire/surefirebooter6939510565099030884.jar"/>
    <property name="sun.management.compiler" value="HotSpot 64-Bit Tiered Compilers"/>
    <property name="ftp.nonProxyHosts" value="local|*.local|169.254/16|*.169.254/16"/>
    <property name="java.runtime.version" value="17.0.2+8-LTS"/>
    <property name="user.name" value="markblanda"/>
    <property name="path.separator" value=":"/>
    <property name="os.version" value="12.2.1"/>
    <property name="java.runtime.name" value="OpenJDK Runtime Environment"/>
    <property name="file.encoding" value="UTF-8"/>
    <property name="java.vm.name" value="OpenJDK 64-Bit Server VM"/>
    <property name="java.vendor.version" value="Zulu17.32+13-CA"/>
    <property name="localRepository" value="/Users/markblanda/.m2/repository"/>
    <property name="java.vendor.url.bug" value="http://www.azul.com/support/"/>
    <property name="java.io.tmpdir" value="/var/folders/_4/xr9nsd0j3vg_26_rff0hmycc0000gn/T/"/>
    <property name="idea.version" value="2021.3.3"/>
    <property name="java.version" value="17.0.2"/>
    <property name="user.dir" value="/Users/markblanda/IdeaProjects/FamilyFinance"/>
    <property name="os.arch" value="aarch64"/>
    <property name="java.vm.specification.name" value="Java Virtual Machine Specification"/>
    <property name="native.encoding" value="UTF-8"/>
    <property name="java.library.path" value="/Users/markblanda/Library/Java/Extensions:/Library/Java/Extensions:/Network/Library/Java/Extensions:/System/Library/Java/Extensions:/usr/lib/java:."/>
    <property name="java.vm.info" value="mixed mode, sharing"/>
    <property name="java.vendor" value="Azul Systems, Inc."/>
    <property name="java.vm.version" value="17.0.2+8-LTS"/>
    <property name="sun.io.unicode.encoding" value="UnicodeBig"/>
    <property name="socksNonProxyHosts" value="local|*.local|169.254/16|*.169.254/16"/>
    <property name="java.class.version" value="61.0"/>
  </properties>
  <testcase name="newlyCreatedCheckingAccountIsTypeChecking" classname="model.AccountRegisterTests" time="0.009"/>
  <testcase name="addTransactionAndGetTransaction" classname="model.AccountRegisterTests" time="0"/>
  <testcase name="getFromEmptyAccountThrowsAccountEmptyException" classname="model.AccountRegisterTests" time="0"/>
  <testcase name="addTransactionToAccountSizeIsOne" classname="model.AccountRegisterTests" time="0"/>
  <testcase name="addMultipleTransactions_ReturnsTransactions" classname="model.AccountRegisterTests" time="0"/>
  <testcase name="newlyCreatedAccountIsEmpty" classname="model.AccountRegisterTests" time="0"/>
  <testcase name="newCreatedAccountHasProperties" classname="model.AccountRegisterTests" time="0"/>
  <testcase name="canDeleteTransactionFromAccoutRegister" classname="model.AccountRegisterTests" time="0"/>
  <testcase name="deleteFromEmptyRegisterThrowsException" classname="model.AccountRegisterTests" time="0"/>
</testsuite>